(node:19352) ExperimentalWarning: SQLite is an experimental feature and might change at any time
(Use `node --trace-warnings ...` to show where the warning was created)
[DEBUG createWorkflowJob] job_id=ff34a261-f7b4-4fb6-8927-94bccd0292f7 | incoming_steps=0 | step_keys=
[DEBUG runStep] step_key="dataset_loader" | available_keys_count=31 | first_5_keys=build_package,publish_package,deploy_revision,health_check,rollback
[DEBUG runStep] step_key="dataset_split" | available_keys_count=31 | first_5_keys=build_package,publish_package,deploy_revision,health_check,rollback
[DEBUG runStep] step_key="train_config_builder" | available_keys_count=31 | first_5_keys=build_package,publish_package,deploy_revision,health_check,rollback
[DEBUG runStep] step_key="train_model" | available_keys_count=31 | first_5_keys=build_package,publish_package,deploy_revision,health_check,rollback
[DEBUG runStep] step_key="evaluate_model" | available_keys_count=31 | first_5_keys=build_package,publish_package,deploy_revision,health_check,rollback
[DEBUG runStep] step_key="archive_model" | available_keys_count=31 | first_5_keys=build_package,publish_package,deploy_revision,health_check,rollback
[DEBUG runStep] step_key="release_model" | available_keys_count=31 | first_5_keys=build_package,publish_package,deploy_revision,health_check,rollback
[DEBUG runStep] step_key="release_validate" | available_keys_count=31 | first_5_keys=build_package,publish_package,deploy_revision,health_check,rollback
[DEBUG runStep] step_key="feedback_backflow" | available_keys_count=31 | first_5_keys=build_package,publish_package,deploy_revision,health_check,rollback
[DEBUG createWorkflowJob] job_id=f7591c6b-aac5-432f-86f6-4e72c3ffb8c3 | incoming_steps=0 | step_keys=
[DEBUG runStep] step_key="dataset_loader" | available_keys_count=31 | first_5_keys=build_package,publish_package,deploy_revision,health_check,rollback
[DEBUG runStep] step_key="dataset_split" | available_keys_count=31 | first_5_keys=build_package,publish_package,deploy_revision,health_check,rollback
[DEBUG runStep] step_key="train_config_builder" | available_keys_count=31 | first_5_keys=build_package,publish_package,deploy_revision,health_check,rollback
[DEBUG runStep] step_key="train_model" | available_keys_count=31 | first_5_keys=build_package,publish_package,deploy_revision,health_check,rollback
[DEBUG runStep] step_key="evaluate_model" | available_keys_count=31 | first_5_keys=build_package,publish_package,deploy_revision,health_check,rollback
[DEBUG runStep] step_key="archive_model" | available_keys_count=31 | first_5_keys=build_package,publish_package,deploy_revision,health_check,rollback
[DEBUG runStep] step_key="release_model" | available_keys_count=31 | first_5_keys=build_package,publish_package,deploy_revision,health_check,rollback
[DEBUG runStep] step_key="release_validate" | available_keys_count=31 | first_5_keys=build_package,publish_package,deploy_revision,health_check,rollback
[DEBUG runStep] step_key="feedback_backflow" | available_keys_count=31 | first_5_keys=build_package,publish_package,deploy_revision,health_check,rollback
[DEBUG createWorkflowJob] job_id=9be5caa9-31c5-441f-ad0f-32a6170e2fba | incoming_steps=0 | step_keys=
[DEBUG runStep] step_key="dataset_loader" | available_keys_count=31 | first_5_keys=build_package,publish_package,deploy_revision,health_check,rollback
[DEBUG runStep] step_key="dataset_split" | available_keys_count=31 | first_5_keys=build_package,publish_package,deploy_revision,health_check,rollback
[DEBUG runStep] step_key="train_config_builder" | available_keys_count=31 | first_5_keys=build_package,publish_package,deploy_revision,health_check,rollback
[DEBUG runStep] step_key="train_model" | available_keys_count=31 | first_5_keys=build_package,publish_package,deploy_revision,health_check,rollback
[DEBUG runStep] step_key="evaluate_model" | available_keys_count=31 | first_5_keys=build_package,publish_package,deploy_revision,health_check,rollback
[DEBUG runStep] step_key="archive_model" | available_keys_count=31 | first_5_keys=build_package,publish_package,deploy_revision,health_check,rollback
[DEBUG createWorkflowJob] job_id=e7c82b1f-2713-4f10-8bf2-7f0070bdd14c | incoming_steps=0 | step_keys=
[DEBUG runStep] step_key="dataset_loader" | available_keys_count=31 | first_5_keys=build_package,publish_package,deploy_revision,health_check,rollback
[DEBUG createWorkflowJob] job_id=5fb20493-f8a9-48b5-890b-fd18dd739edc | incoming_steps=1 | step_keys=phase2_probe_step
[DEBUG createWorkflowJob] job_id=3402dff9-4861-41f4-96ae-c3c14eb801e2 | incoming_steps=1 | step_keys=phase2_probe_step
